L:\CONTENT AWARE IMAGE RESIZING\CONTENTAWAREIMAGERESIZING\RELEASE\SHORTESTPATH.OBJ
L:\CONTENT AWARE IMAGE RESIZING\CONTENTAWAREIMAGERESIZING\RELEASE\MAIN.OBJ
L:\CONTENT AWARE IMAGE RESIZING\CONTENTAWAREIMAGERESIZING\RELEASE\VC110.PDB
L:\CONTENT AWARE IMAGE RESIZING\RELEASE\CONTENTAWAREIMAGERESIZING.EXE
L:\CONTENT AWARE IMAGE RESIZING\RELEASE\CONTENTAWAREIMAGERESIZING.PDB
L:\ContentAwareImageResizing\ContentAwareImageResizing\Release\main.obj
L:\ContentAwareImageResizing\ContentAwareImageResizing\Release\shortestpath.obj
L:\ContentAwareImageResizing\ContentAwareImageResizing\Release\cl.command.1.tlog
L:\ContentAwareImageResizing\ContentAwareImageResizing\Release\CL.read.1.tlog
L:\ContentAwareImageResizing\ContentAwareImageResizing\Release\CL.write.1.tlog
L:\ContentAwareImageResizing\ContentAwareImageResizing\Release\link-cvtres.read.1.tlog
L:\ContentAwareImageResizing\ContentAwareImageResizing\Release\link-cvtres.write.1.tlog
L:\ContentAwareImageResizing\ContentAwareImageResizing\Release\link-rc.read.1.tlog
L:\ContentAwareImageResizing\ContentAwareImageResizing\Release\link-rc.write.1.tlog
L:\ContentAwareImageResizing\ContentAwareImageResizing\Release\link.command.1.tlog
L:\ContentAwareImageResizing\ContentAwareImageResizing\Release\link.read.1.tlog
L:\ContentAwareImageResizing\ContentAwareImageResizing\Release\link.write.1.tlog
L:\ContentAwareImageResizing\ContentAwareImageResizing\Release\vc110.pdb
L:\ContentAwareImageResizing\Release\ContentAwareImageResizing.pdb
L:\ContentAwareImageResizing\Release\ContentAwareImageResizing.exe
